[2024-08-02T14:04:48.783954+00:00] main.INFO: {"feed":"undefined","operation":"undefined","status":"Setting mode Update On Schedule for indexer Sales Order Feed","elapsed":"506 ms","pid":"39033","caller":"bin\/magento setup:install --backend-frontname=admin --key=18Av6ITivOZG3gwY1DhMDWtlLfx1spLP --session-save=files --db-host=javeed.cvtfb4uhbukm.us-east-1.rds.amazonaws.com"} [] []
[2024-08-02T14:04:48.970426+00:00] main.INFO: {"feed":"undefined","operation":"undefined","status":"Setting mode Update On Schedule for indexer Sales Order Statuses Feed","elapsed":"693 ms","pid":"39033","caller":"bin\/magento setup:install --backend-frontname=admin --key=18Av6ITivOZG3gwY1DhMDWtlLfx1spLP --session-save=files --db-host=javeed.cvtfb4uhbukm.us-east-1.rds.amazonaws.com"} [] []
[2024-08-02T14:04:49.068529+00:00] main.INFO: {"feed":"undefined","operation":"undefined","status":"Setting mode Update On Schedule for indexer Stores Feed","elapsed":"791 ms","pid":"39033","caller":"bin\/magento setup:install --backend-frontname=admin --key=18Av6ITivOZG3gwY1DhMDWtlLfx1spLP --session-save=files --db-host=javeed.cvtfb4uhbukm.us-east-1.rds.amazonaws.com"} [] []
[2024-08-02T14:06:19.229417+00:00] main.INFO: {"feed":"salesOrders","operation":"full reindex(legacy)","status":"Initialize","elapsed":"00:00:00 397 ms","pid":"39207","caller":"\/home\/cloudpanel\/htdocs\/javeed.mgtcommerce.com\/bin\/magento cron:run --group=index --bootstrap=standaloneProcessStarted=1"} [] []
[2024-08-02T14:06:19.296893+00:00] main.INFO: {"feed":"salesOrders","operation":"full reindex(legacy)","status":"Creating batch table `sales_data_exporter_orders_index_batches`. Start position: 0","elapsed":"00:00:00 465 ms","pid":"39207","caller":"\/home\/cloudpanel\/htdocs\/javeed.mgtcommerce.com\/bin\/magento cron:run --group=index --bootstrap=standaloneProcessStarted=1"} [] []
[2024-08-02T14:06:19.324815+00:00] main.INFO: {"feed":"salesOrders","operation":"full reindex(legacy)","status":"Batch table `sales_data_exporter_orders_index_batches` created. Total Items: 0, batches: ~0","elapsed":"00:00:00 492 ms","pid":"39207","caller":"\/home\/cloudpanel\/htdocs\/javeed.mgtcommerce.com\/bin\/magento cron:run --group=index --bootstrap=standaloneProcessStarted=1"} [] []
[2024-08-02T14:06:19.324968+00:00] main.INFO: {"feed":"salesOrders","operation":"full reindex(legacy)","status":"nothing to process - no items to sync. Not expected? Are there any items in source table `sales_order`?","elapsed":"00:00:00 493 ms","pid":"39207","caller":"\/home\/cloudpanel\/htdocs\/javeed.mgtcommerce.com\/bin\/magento cron:run --group=index --bootstrap=standaloneProcessStarted=1"} [] []
[2024-08-02T14:06:19.329726+00:00] main.INFO: {"feed":"salesOrders","operation":"full reindex(legacy)","status":"Complete","elapsed":"00:00:00 497 ms","pid":"39207","caller":"\/home\/cloudpanel\/htdocs\/javeed.mgtcommerce.com\/bin\/magento cron:run --group=index --bootstrap=standaloneProcessStarted=1"} [] []
[2024-08-02T14:06:19.360444+00:00] main.INFO: {"feed":"salesOrderStatuses","operation":"full reindex(legacy)","status":"Initialize","elapsed":"00:00:00 659 ms","pid":"39207","caller":"\/home\/cloudpanel\/htdocs\/javeed.mgtcommerce.com\/bin\/magento cron:run --group=index --bootstrap=standaloneProcessStarted=1"} [] []
[2024-08-02T14:06:19.418218+00:00] main.INFO: {"feed":"salesOrderStatuses","operation":"full reindex(legacy)","status":"Creating batch table `sales_data_exporter_order_statuses_index_batches`. Start position: ","elapsed":"00:00:00 717 ms","pid":"39207","caller":"\/home\/cloudpanel\/htdocs\/javeed.mgtcommerce.com\/bin\/magento cron:run --group=index --bootstrap=standaloneProcessStarted=1"} [] []
[2024-08-02T14:06:19.450475+00:00] main.INFO: {"feed":"salesOrderStatuses","operation":"full reindex(legacy)","status":"Batch table `sales_data_exporter_order_statuses_index_batches` created. Total Items: 12, batches: ~0","elapsed":"00:00:00 749 ms","pid":"39207","caller":"\/home\/cloudpanel\/htdocs\/javeed.mgtcommerce.com\/bin\/magento cron:run --group=index --bootstrap=standaloneProcessStarted=1"} [] []
[2024-08-02T14:06:19.450642+00:00] main.INFO: {"feed":"salesOrderStatuses","operation":"full reindex(legacy)","status":"start processing `12` items in `1` threads with `100` batch size","elapsed":"00:00:00 749 ms","pid":"39207","caller":"\/home\/cloudpanel\/htdocs\/javeed.mgtcommerce.com\/bin\/magento cron:run --group=index --bootstrap=standaloneProcessStarted=1"} [] []
[2024-08-02T14:06:19.489959+00:00] main.INFO: {"feed":"salesOrderStatuses","operation":"full reindex(legacy)","status":"Progress 1\/1, processed 12, synced 12","elapsed":"00:00:00 789 ms","pid":"39207","caller":"\/home\/cloudpanel\/htdocs\/javeed.mgtcommerce.com\/bin\/magento cron:run --group=index --bootstrap=standaloneProcessStarted=1"} [] []
[2024-08-02T14:06:19.495791+00:00] main.INFO: {"feed":"salesOrderStatuses","operation":"full reindex(legacy)","status":"Complete","elapsed":"00:00:00 795 ms","pid":"39207","caller":"\/home\/cloudpanel\/htdocs\/javeed.mgtcommerce.com\/bin\/magento cron:run --group=index --bootstrap=standaloneProcessStarted=1"} [] []
[2024-08-02T14:06:19.523232+00:00] main.INFO: {"feed":"stores","operation":"full reindex(legacy)","status":"Initialize","elapsed":"00:00:00 985 ms","pid":"39207","caller":"\/home\/cloudpanel\/htdocs\/javeed.mgtcommerce.com\/bin\/magento cron:run --group=index --bootstrap=standaloneProcessStarted=1"} [] []
[2024-08-02T14:06:19.576816+00:00] main.INFO: {"feed":"stores","operation":"full reindex(legacy)","status":"Creating batch table `stores_data_exporter_index_batches`. Start position: 0","elapsed":"00:00:01 38 ms","pid":"39207","caller":"\/home\/cloudpanel\/htdocs\/javeed.mgtcommerce.com\/bin\/magento cron:run --group=index --bootstrap=standaloneProcessStarted=1"} [] []
[2024-08-02T14:06:19.603368+00:00] main.INFO: {"feed":"stores","operation":"full reindex(legacy)","status":"Batch table `stores_data_exporter_index_batches` created. Total Items: 1, batches: ~0","elapsed":"00:00:01 65 ms","pid":"39207","caller":"\/home\/cloudpanel\/htdocs\/javeed.mgtcommerce.com\/bin\/magento cron:run --group=index --bootstrap=standaloneProcessStarted=1"} [] []
[2024-08-02T14:06:19.603539+00:00] main.INFO: {"feed":"stores","operation":"full reindex(legacy)","status":"start processing `1` items in `1` threads with `100` batch size","elapsed":"00:00:01 65 ms","pid":"39207","caller":"\/home\/cloudpanel\/htdocs\/javeed.mgtcommerce.com\/bin\/magento cron:run --group=index --bootstrap=standaloneProcessStarted=1"} [] []
[2024-08-02T14:06:19.613788+00:00] main.INFO: {"feed":"stores","operation":"full reindex(legacy)","status":"Progress 1\/1, processed 1, synced 1","elapsed":"00:00:01 75 ms","pid":"39207","caller":"\/home\/cloudpanel\/htdocs\/javeed.mgtcommerce.com\/bin\/magento cron:run --group=index --bootstrap=standaloneProcessStarted=1"} [] []
[2024-08-02T14:06:19.617471+00:00] main.INFO: {"feed":"stores","operation":"full reindex(legacy)","status":"Complete","elapsed":"00:00:01 79 ms","pid":"39207","caller":"\/home\/cloudpanel\/htdocs\/javeed.mgtcommerce.com\/bin\/magento cron:run --group=index --bootstrap=standaloneProcessStarted=1"} [] []
[2024-08-02T14:09:29.785975+00:00] main.INFO: {"feed":"salesOrders","operation":"partial reindex (legacy)","status":"Initialize","elapsed":"509 ms","pid":"39455","caller":"\/home\/cloudpanel\/htdocs\/javeed.mgtcommerce.com\/bin\/magento cron:run --group=index --bootstrap=standaloneProcessStarted=1"} [] []
[2024-08-02T14:09:29.901468+00:00] main.INFO: {"feed":"salesOrders","operation":"partial reindex (legacy)","status":"start processing `2` items in `1` threads","elapsed":"625 ms","pid":"39455","caller":"\/home\/cloudpanel\/htdocs\/javeed.mgtcommerce.com\/bin\/magento cron:run --group=index --bootstrap=standaloneProcessStarted=1"} [] []
[2024-08-02T14:09:29.951875+00:00] main.INFO: {"feed":"salesOrders","operation":"partial reindex (legacy)","status":"Progress 1\/1, processed 2, synced 0","elapsed":"676 ms","pid":"39455","caller":"\/home\/cloudpanel\/htdocs\/javeed.mgtcommerce.com\/bin\/magento cron:run --group=index --bootstrap=standaloneProcessStarted=1"} [] []
[2024-08-02T14:09:29.965882+00:00] main.INFO: {"feed":"salesOrders","operation":"partial reindex (legacy)","status":"Complete","elapsed":"690 ms","pid":"39455","caller":"\/home\/cloudpanel\/htdocs\/javeed.mgtcommerce.com\/bin\/magento cron:run --group=index --bootstrap=standaloneProcessStarted=1"} [] []
[2024-08-02T14:09:44.612331+00:00] main.INFO: {"feed":"salesOrders","operation":"full reindex(legacy)","status":"Initialize","elapsed":"162 ms","pid":"39382","caller":"bin\/magento setup:upgrade"} [] []
[2024-08-02T14:09:44.688889+00:00] main.INFO: {"feed":"salesOrders","operation":"full reindex(legacy)","status":"Creating batch table `sales_data_exporter_orders_index_batches`. Start position: 0","elapsed":"239 ms","pid":"39382","caller":"bin\/magento setup:upgrade"} [] []
[2024-08-02T14:09:44.729970+00:00] main.INFO: {"feed":"salesOrders","operation":"full reindex(legacy)","status":"Batch table `sales_data_exporter_orders_index_batches` created. Total Items: 2, batches: ~0","elapsed":"280 ms","pid":"39382","caller":"bin\/magento setup:upgrade"} [] []
[2024-08-02T14:09:44.730154+00:00] main.INFO: {"feed":"salesOrders","operation":"full reindex(legacy)","status":"start processing `2` items in `1` threads with `100` batch size","elapsed":"280 ms","pid":"39382","caller":"bin\/magento setup:upgrade"} [] []
[2024-08-02T14:09:44.749726+00:00] main.INFO: {"feed":"salesOrders","operation":"full reindex(legacy)","status":"Progress 1\/1, processed 2, synced 0","elapsed":"299 ms","pid":"39382","caller":"bin\/magento setup:upgrade"} [] []
[2024-08-02T14:09:44.752578+00:00] main.INFO: {"feed":"salesOrders","operation":"full reindex(legacy)","status":"Complete","elapsed":"302 ms","pid":"39382","caller":"bin\/magento setup:upgrade"} [] []
[2024-08-02T14:09:44.777118+00:00] main.INFO: {"feed":"salesOrderStatuses","operation":"full reindex(legacy)","status":"Initialize","elapsed":"493 ms","pid":"39382","caller":"bin\/magento setup:upgrade"} [] []
[2024-08-02T14:09:44.838409+00:00] main.INFO: {"feed":"salesOrderStatuses","operation":"full reindex(legacy)","status":"Creating batch table `sales_data_exporter_order_statuses_index_batches`. Start position: ","elapsed":"554 ms","pid":"39382","caller":"bin\/magento setup:upgrade"} [] []
[2024-08-02T14:09:44.878135+00:00] main.INFO: {"feed":"salesOrderStatuses","operation":"full reindex(legacy)","status":"Batch table `sales_data_exporter_order_statuses_index_batches` created. Total Items: 12, batches: ~0","elapsed":"594 ms","pid":"39382","caller":"bin\/magento setup:upgrade"} [] []
[2024-08-02T14:09:44.878310+00:00] main.INFO: {"feed":"salesOrderStatuses","operation":"full reindex(legacy)","status":"start processing `12` items in `1` threads with `100` batch size","elapsed":"594 ms","pid":"39382","caller":"bin\/magento setup:upgrade"} [] []
[2024-08-02T14:09:44.890608+00:00] main.INFO: {"feed":"salesOrderStatuses","operation":"full reindex(legacy)","status":"Progress 1\/1, processed 12, synced 12","elapsed":"606 ms","pid":"39382","caller":"bin\/magento setup:upgrade"} [] []
[2024-08-02T14:09:44.894880+00:00] main.INFO: {"feed":"salesOrderStatuses","operation":"full reindex(legacy)","status":"Complete","elapsed":"610 ms","pid":"39382","caller":"bin\/magento setup:upgrade"} [] []
[2024-08-02T14:09:44.919127+00:00] main.INFO: {"feed":"stores","operation":"full reindex(legacy)","status":"Initialize","elapsed":"777 ms","pid":"39382","caller":"bin\/magento setup:upgrade"} [] []
[2024-08-02T14:09:44.983998+00:00] main.INFO: {"feed":"stores","operation":"full reindex(legacy)","status":"Creating batch table `stores_data_exporter_index_batches`. Start position: 0","elapsed":"841 ms","pid":"39382","caller":"bin\/magento setup:upgrade"} [] []
[2024-08-02T14:09:45.053872+00:00] main.INFO: {"feed":"stores","operation":"full reindex(legacy)","status":"Batch table `stores_data_exporter_index_batches` created. Total Items: 1, batches: ~0","elapsed":"911 ms","pid":"39382","caller":"bin\/magento setup:upgrade"} [] []
[2024-08-02T14:09:45.054101+00:00] main.INFO: {"feed":"stores","operation":"full reindex(legacy)","status":"start processing `1` items in `1` threads with `100` batch size","elapsed":"912 ms","pid":"39382","caller":"bin\/magento setup:upgrade"} [] []
[2024-08-02T14:09:45.079262+00:00] main.INFO: {"feed":"stores","operation":"full reindex(legacy)","status":"Progress 1\/1, processed 1, synced 1","elapsed":"937 ms","pid":"39382","caller":"bin\/magento setup:upgrade"} [] []
[2024-08-02T14:09:45.087217+00:00] main.INFO: {"feed":"stores","operation":"full reindex(legacy)","status":"Complete","elapsed":"945 ms","pid":"39382","caller":"bin\/magento setup:upgrade"} [] []
[2024-08-02T14:29:53.644448+00:00] main.INFO: {"feed":"salesOrders","operation":"full reindex(legacy)","status":"Initialize","elapsed":"226 ms","pid":"42476","caller":"bin\/magento setup:upgrade"} [] []
[2024-08-02T14:29:53.736988+00:00] main.INFO: {"feed":"salesOrders","operation":"full reindex(legacy)","status":"Creating batch table `sales_data_exporter_orders_index_batches`. Start position: 0","elapsed":"319 ms","pid":"42476","caller":"bin\/magento setup:upgrade"} [] []
[2024-08-02T14:29:53.788077+00:00] main.INFO: {"feed":"salesOrders","operation":"full reindex(legacy)","status":"Batch table `sales_data_exporter_orders_index_batches` created. Total Items: 2, batches: ~0","elapsed":"370 ms","pid":"42476","caller":"bin\/magento setup:upgrade"} [] []
[2024-08-02T14:29:53.788230+00:00] main.INFO: {"feed":"salesOrders","operation":"full reindex(legacy)","status":"start processing `2` items in `1` threads with `100` batch size","elapsed":"370 ms","pid":"42476","caller":"bin\/magento setup:upgrade"} [] []
[2024-08-02T14:29:53.829610+00:00] main.INFO: {"feed":"salesOrders","operation":"full reindex(legacy)","status":"Progress 1\/1, processed 2, synced 0","elapsed":"412 ms","pid":"42476","caller":"bin\/magento setup:upgrade"} [] []
[2024-08-02T14:29:53.832798+00:00] main.INFO: {"feed":"salesOrders","operation":"full reindex(legacy)","status":"Complete","elapsed":"415 ms","pid":"42476","caller":"bin\/magento setup:upgrade"} [] []
[2024-08-02T14:29:53.851962+00:00] main.INFO: {"feed":"salesOrderStatuses","operation":"full reindex(legacy)","status":"Initialize","elapsed":"642 ms","pid":"42476","caller":"bin\/magento setup:upgrade"} [] []
[2024-08-02T14:29:53.928834+00:00] main.INFO: {"feed":"salesOrderStatuses","operation":"full reindex(legacy)","status":"Creating batch table `sales_data_exporter_order_statuses_index_batches`. Start position: ","elapsed":"719 ms","pid":"42476","caller":"bin\/magento setup:upgrade"} [] []
[2024-08-02T14:29:53.977402+00:00] main.INFO: {"feed":"salesOrderStatuses","operation":"full reindex(legacy)","status":"Batch table `sales_data_exporter_order_statuses_index_batches` created. Total Items: 12, batches: ~0","elapsed":"768 ms","pid":"42476","caller":"bin\/magento setup:upgrade"} [] []
[2024-08-02T14:29:53.977554+00:00] main.INFO: {"feed":"salesOrderStatuses","operation":"full reindex(legacy)","status":"start processing `12` items in `1` threads with `100` batch size","elapsed":"768 ms","pid":"42476","caller":"bin\/magento setup:upgrade"} [] []
[2024-08-02T14:29:53.995389+00:00] main.INFO: {"feed":"salesOrderStatuses","operation":"full reindex(legacy)","status":"Progress 1\/1, processed 12, synced 12","elapsed":"786 ms","pid":"42476","caller":"bin\/magento setup:upgrade"} [] []
[2024-08-02T14:29:54.000100+00:00] main.INFO: {"feed":"salesOrderStatuses","operation":"full reindex(legacy)","status":"Complete","elapsed":"790 ms","pid":"42476","caller":"bin\/magento setup:upgrade"} [] []
[2024-08-02T14:29:54.031621+00:00] main.INFO: {"feed":"stores","operation":"full reindex(legacy)","status":"Initialize","elapsed":"00:00:00 2 ms","pid":"42476","caller":"bin\/magento setup:upgrade"} [] []
[2024-08-02T14:29:54.115541+00:00] main.INFO: {"feed":"stores","operation":"full reindex(legacy)","status":"Creating batch table `stores_data_exporter_index_batches`. Start position: 0","elapsed":"00:00:00 85 ms","pid":"42476","caller":"bin\/magento setup:upgrade"} [] []
[2024-08-02T14:29:54.169395+00:00] main.INFO: {"feed":"stores","operation":"full reindex(legacy)","status":"Batch table `stores_data_exporter_index_batches` created. Total Items: 1, batches: ~0","elapsed":"00:00:00 139 ms","pid":"42476","caller":"bin\/magento setup:upgrade"} [] []
[2024-08-02T14:29:54.169565+00:00] main.INFO: {"feed":"stores","operation":"full reindex(legacy)","status":"start processing `1` items in `1` threads with `100` batch size","elapsed":"00:00:00 139 ms","pid":"42476","caller":"bin\/magento setup:upgrade"} [] []
[2024-08-02T14:29:54.182841+00:00] main.INFO: {"feed":"stores","operation":"full reindex(legacy)","status":"Progress 1\/1, processed 1, synced 1","elapsed":"00:00:00 153 ms","pid":"42476","caller":"bin\/magento setup:upgrade"} [] []
[2024-08-02T14:29:54.189338+00:00] main.INFO: {"feed":"stores","operation":"full reindex(legacy)","status":"Complete","elapsed":"00:00:00 159 ms","pid":"42476","caller":"bin\/magento setup:upgrade"} [] []
[2024-08-02T14:57:47.314090+00:00] main.INFO: {"feed":"salesOrders","operation":"full reindex(legacy)","status":"Initialize","elapsed":"00:00:00 385 ms","pid":"45558","caller":"bin\/magento setup:upgrade"} [] []
[2024-08-02T14:57:48.128359+00:00] main.INFO: {"feed":"salesOrders","operation":"full reindex(legacy)","status":"Creating batch table `sales_data_exporter_orders_index_batches`. Start position: 0","elapsed":"00:00:01 285 ms","pid":"45558","caller":"bin\/magento setup:upgrade"} [] []
[2024-08-02T14:57:48.208083+00:00] main.INFO: {"feed":"salesOrders","operation":"full reindex(legacy)","status":"Batch table `sales_data_exporter_orders_index_batches` created. Total Items: 2, batches: ~0","elapsed":"00:00:01 365 ms","pid":"45558","caller":"bin\/magento setup:upgrade"} [] []
[2024-08-02T14:57:48.208236+00:00] main.INFO: {"feed":"salesOrders","operation":"full reindex(legacy)","status":"start processing `2` items in `1` threads with `100` batch size","elapsed":"00:00:01 365 ms","pid":"45558","caller":"bin\/magento setup:upgrade"} [] []
[2024-08-02T14:57:50.053867+00:00] main.INFO: {"feed":"salesOrders","operation":"full reindex(legacy)","status":"Progress 1\/1, processed 2, synced 0","elapsed":"00:00:03 211 ms","pid":"45558","caller":"bin\/magento setup:upgrade"} [] []
[2024-08-02T14:57:50.057806+00:00] main.INFO: {"feed":"salesOrders","operation":"full reindex(legacy)","status":"Complete","elapsed":"00:00:03 215 ms","pid":"45558","caller":"bin\/magento setup:upgrade"} [] []
[2024-08-02T14:57:50.084606+00:00] main.INFO: {"feed":"salesOrderStatuses","operation":"full reindex(legacy)","status":"Initialize","elapsed":"00:00:00 107 ms","pid":"45558","caller":"bin\/magento setup:upgrade"} [] []
[2024-08-02T14:57:50.169131+00:00] main.INFO: {"feed":"salesOrderStatuses","operation":"full reindex(legacy)","status":"Creating batch table `sales_data_exporter_order_statuses_index_batches`. Start position: ","elapsed":"00:00:00 192 ms","pid":"45558","caller":"bin\/magento setup:upgrade"} [] []
[2024-08-02T14:57:50.224867+00:00] main.INFO: {"feed":"salesOrderStatuses","operation":"full reindex(legacy)","status":"Batch table `sales_data_exporter_order_statuses_index_batches` created. Total Items: 12, batches: ~0","elapsed":"00:00:00 248 ms","pid":"45558","caller":"bin\/magento setup:upgrade"} [] []
[2024-08-02T14:57:50.225015+00:00] main.INFO: {"feed":"salesOrderStatuses","operation":"full reindex(legacy)","status":"start processing `12` items in `1` threads with `100` batch size","elapsed":"00:00:00 248 ms","pid":"45558","caller":"bin\/magento setup:upgrade"} [] []
[2024-08-02T14:57:50.252161+00:00] main.INFO: {"feed":"salesOrderStatuses","operation":"full reindex(legacy)","status":"Progress 1\/1, processed 12, synced 12","elapsed":"00:00:00 275 ms","pid":"45558","caller":"bin\/magento setup:upgrade"} [] []
[2024-08-02T14:57:50.256771+00:00] main.INFO: {"feed":"salesOrderStatuses","operation":"full reindex(legacy)","status":"Complete","elapsed":"00:00:00 280 ms","pid":"45558","caller":"bin\/magento setup:upgrade"} [] []
[2024-08-02T14:57:50.280378+00:00] main.INFO: {"feed":"stores","operation":"full reindex(legacy)","status":"Initialize","elapsed":"00:00:00 499 ms","pid":"45558","caller":"bin\/magento setup:upgrade"} [] []
[2024-08-02T14:57:50.361661+00:00] main.INFO: {"feed":"stores","operation":"full reindex(legacy)","status":"Creating batch table `stores_data_exporter_index_batches`. Start position: 0","elapsed":"00:00:00 580 ms","pid":"45558","caller":"bin\/magento setup:upgrade"} [] []
[2024-08-02T14:57:50.410796+00:00] main.INFO: {"feed":"stores","operation":"full reindex(legacy)","status":"Batch table `stores_data_exporter_index_batches` created. Total Items: 1, batches: ~0","elapsed":"00:00:00 629 ms","pid":"45558","caller":"bin\/magento setup:upgrade"} [] []
[2024-08-02T14:57:50.410963+00:00] main.INFO: {"feed":"stores","operation":"full reindex(legacy)","status":"start processing `1` items in `1` threads with `100` batch size","elapsed":"00:00:00 630 ms","pid":"45558","caller":"bin\/magento setup:upgrade"} [] []
[2024-08-02T14:57:50.443303+00:00] main.INFO: {"feed":"stores","operation":"full reindex(legacy)","status":"Progress 1\/1, processed 1, synced 1","elapsed":"00:00:00 662 ms","pid":"45558","caller":"bin\/magento setup:upgrade"} [] []
[2024-08-02T14:57:50.448244+00:00] main.INFO: {"feed":"stores","operation":"full reindex(legacy)","status":"Complete","elapsed":"00:00:00 667 ms","pid":"45558","caller":"bin\/magento setup:upgrade"} [] []
